Determining if the pthread_create exist failed with the following output:
Change Dir: /home/cameron/projects/beam_robotics/beam_2DCAD_projection/build/CMakeFiles/CMakeTmp

Run Build Command(s):/usr/bin/make cmTC_c50b0/fast 
/usr/bin/make -f CMakeFiles/cmTC_c50b0.dir/build.make CMakeFiles/cmTC_c50b0.dir/build
make[1]: Entering directory '/home/cameron/projects/beam_robotics/beam_2DCAD_projection/build/CMakeFiles/CMakeTmp'
Building C object CMakeFiles/cmTC_c50b0.dir/CheckSymbolExists.c.o
/usr/bin/gcc-7    -o CMakeFiles/cmTC_c50b0.dir/CheckSymbolExists.c.o   -c /home/cameron/projects/beam_robotics/beam_2DCAD_projection/build/CMakeFiles/CMakeTmp/CheckSymbolExists.c
Linking C executable cmTC_c50b0
/opt/cmake/cmake-3.14.1-Linux-x86_64/bin/cmake -E cmake_link_script CMakeFiles/cmTC_c50b0.dir/link.txt --verbose=1
/usr/bin/gcc-7      CMakeFiles/cmTC_c50b0.dir/CheckSymbolExists.c.o  -o cmTC_c50b0 
CMakeFiles/cmTC_c50b0.dir/CheckSymbolExists.c.o: In function `main':
CheckSymbolExists.c:(.text+0x16): undefined reference to `pthread_create'
collect2: error: ld returned 1 exit status
CMakeFiles/cmTC_c50b0.dir/build.make:86: recipe for target 'cmTC_c50b0' failed
make[1]: *** [cmTC_c50b0] Error 1
make[1]: Leaving directory '/home/cameron/projects/beam_robotics/beam_2DCAD_projection/build/CMakeFiles/CMakeTmp'
Makefile:121: recipe for target 'cmTC_c50b0/fast' failed
make: *** [cmTC_c50b0/fast] Error 2

File /home/cameron/projects/beam_robotics/beam_2DCAD_projection/build/CMakeFiles/CMakeTmp/CheckSymbolExists.c:
/* */
#include <pthread.h>

int main(int argc, char** argv)
{
  (void)argv;
#ifndef pthread_create
  return ((int*)(&pthread_create))[argc];
#else
  (void)argc;
  return 0;
#endif
}

Determining if the function pthread_create exists in the pthreads failed with the following output:
Change Dir: /home/cameron/projects/beam_robotics/beam_2DCAD_projection/build/CMakeFiles/CMakeTmp

Run Build Command(s):/usr/bin/make cmTC_28f85/fast 
/usr/bin/make -f CMakeFiles/cmTC_28f85.dir/build.make CMakeFiles/cmTC_28f85.dir/build
make[1]: Entering directory '/home/cameron/projects/beam_robotics/beam_2DCAD_projection/build/CMakeFiles/CMakeTmp'
Building C object CMakeFiles/cmTC_28f85.dir/CheckFunctionExists.c.o
/usr/bin/gcc-7   -DCHECK_FUNCTION_EXISTS=pthread_create   -o CMakeFiles/cmTC_28f85.dir/CheckFunctionExists.c.o   -c /opt/cmake/cmake-3.14.1-Linux-x86_64/share/cmake-3.14/Modules/CheckFunctionExists.c
Linking C executable cmTC_28f85
/opt/cmake/cmake-3.14.1-Linux-x86_64/bin/cmake -E cmake_link_script CMakeFiles/cmTC_28f85.dir/link.txt --verbose=1
/usr/bin/gcc-7  -DCHECK_FUNCTION_EXISTS=pthread_create    CMakeFiles/cmTC_28f85.dir/CheckFunctionExists.c.o  -o cmTC_28f85 -lpthreads 
/usr/bin/ld: cannot find -lpthreads
collect2: error: ld returned 1 exit status
CMakeFiles/cmTC_28f85.dir/build.make:86: recipe for target 'cmTC_28f85' failed
make[1]: *** [cmTC_28f85] Error 1
make[1]: Leaving directory '/home/cameron/projects/beam_robotics/beam_2DCAD_projection/build/CMakeFiles/CMakeTmp'
Makefile:121: recipe for target 'cmTC_28f85/fast' failed
make: *** [cmTC_28f85/fast] Error 2


